Using pre-set license

 COMMAND LINE ARGUMENTS:
/Applications/Unity/Hub/Editor/2020.3.8f1/Unity.app/Contents/MacOS/Unity
-adb2
-batchMode
-noUpm
-name
AssetImportWorker0
-projectPath
/Volumes/SubHDD/_Study/GDP_Examples/ProjectM
-logFile
Logs/AssetImportWorker0.log
-srvPort
51013
Successfully changed project path to: /Volumes/SubHDD/_Study/GDP_Examples/ProjectM
/Volumes/SubHDD/_Study/GDP_Examples/ProjectM
Using Asset Import Pipeline V2.
Refreshing native plugins compatible for Editor in 35.76 ms, found 1 plugins.
Preloading 0 native plugins for Editor in 0.00 ms.
Initialize engine version: 2020.3.8f1 (507919d4fff5)
[Subsystems] Discovering subsystems at path /Applications/Unity/Hub/Editor/2020.3.8f1/Unity.app/Contents/Resources/UnitySubsystems
[Subsystems] Discovering subsystems at path /Volumes/SubHDD/_Study/GDP_Examples/ProjectM/Assets
GfxDevice: creating device client; threaded=0
2022-01-11 14:49:00.660 Unity[10532:169694] ULTRON 2789K preferred device: Intel(R) Iris(TM) Plus Graphics 655 (low power)
2022-01-11 14:49:00.660 Unity[10532:169694] Metal devices available: 1
2022-01-11 14:49:00.660 Unity[10532:169694] 0: Intel(R) Iris(TM) Plus Graphics 655 (low power)
2022-01-11 14:49:00.660 Unity[10532:169694] Using device Intel(R) Iris(TM) Plus Graphics 655 (low power)
Initializing Metal device caps: Intel(R) Iris(TM) Plus Graphics 655
Initialize mono
Mono path[0] = '/Applications/Unity/Hub/Editor/2020.3.8f1/Unity.app/Contents/Managed'
Mono path[1] = '/Applications/Unity/Hub/Editor/2020.3.8f1/Unity.app/Contents/MonoBleedingEdge/lib/mono/unityjit'
Mono config path = '/Applications/Unity/Hub/Editor/2020.3.8f1/Unity.app/Contents/MonoBleedingEdge/etc'
Using monoOptions --debugger-agent=transport=dt_socket,embedding=1,server=y,suspend=n,address=127.0.0.1:56532
Begin MonoManager ReloadAssembly
Registering precompiled unity dll's ...
Register platform support module: /Applications/Unity/Hub/Editor/2020.3.8f1/Unity.app/Contents/PlaybackEngines/MacStandaloneSupport/UnityEditor.OSXStandalone.Extensions.dll
Registered in 0.000715 seconds.
Native extension for OSXStandalone target not found
Refreshing native plugins compatible for Editor in 26.66 ms, found 1 plugins.
Preloading 0 native plugins for Editor in 0.00 ms.
Mono: successfully reloaded assembly
- Completed reload, in  4.766 seconds
Platform modules already initialized, skipping
Registering precompiled user dll's ...
Registered in 0.001301 seconds.
Begin MonoManager ReloadAssembly
Native extension for OSXStandalone target not found
Refreshing native plugins compatible for Editor in 0.29 ms, found 1 plugins.
Preloading 0 native plugins for Editor in 0.00 ms.
Mono: successfully reloaded assembly
- Completed reload, in  1.018 seconds
Platform modules already initialized, skipping
========================================================================
Worker process is ready to serve import requests
Launching external process: /Applications/Unity/Hub/Editor/2020.3.8f1/Unity.app/Contents/Tools/UnityShaderCompiler
Launched and connected shader compiler UnityShaderCompiler after 0.02 seconds
Refreshing native plugins compatible for Editor in 0.29 ms, found 1 plugins.
Preloading 0 native plugins for Editor in 0.00 ms.
Unloading 1132 Unused Serialized files (Serialized files now loaded: 0)
System memory in use before: 144.0 MB.
System memory in use after: 144.0 MB.

Unloading 10 unused Assets to reduce memory usage. Loaded Objects now: 1575.
Total: 1.720315 ms (FindLiveObjects: 0.144862 ms CreateObjectMapping: 0.033603 ms MarkObjects: 1.462461 ms  DeleteObjects: 0.078270 ms)

========================================================================
Received Import Request.
  path: Assets/Resources/Prefabs/UI/UIRootGame.prefab
  artifactKey: Guid(7ea4b6f3713e54c288b7fcfa201d4796) Importer(815301076,1909f56bfc062723c751e8b465ee728b)
Start importing Assets/Resources/Prefabs/UI/UIRootGame.prefab using Guid(7ea4b6f3713e54c288b7fcfa201d4796) Importer(815301076,1909f56bfc062723c751e8b465ee728b)  -> (artifact id: '0607322fc1e43d7ba112e7d605c11f6d') in 0.953474 seconds
  Import took 0.956524 seconds .

========================================================================
Received Import Request.
  Time since last request: 0.001161 seconds.
  path: Assets/Resources/Prefabs/UI/UIRootLoading.prefab
  artifactKey: Guid(09ebc2534e83f4c04a136bfd2a3fe89a) Importer(815301076,1909f56bfc062723c751e8b465ee728b)
Start importing Assets/Resources/Prefabs/UI/UIRootLoading.prefab using Guid(09ebc2534e83f4c04a136bfd2a3fe89a) Importer(815301076,1909f56bfc062723c751e8b465ee728b)  -> (artifact id: '20bfff2b4d3637fa8790c3501c690c37') in 0.006508 seconds
  Import took 0.008793 seconds .

========================================================================
Received Import Request.
  Time since last request: 3233.915116 seconds.
  path: Assets/Scripts/UI/UIRootGame.cs
  artifactKey: Guid(d45b6241bfff548ebaa9304c9bd0822f) Importer(815301076,1909f56bfc062723c751e8b465ee728b)
Start importing Assets/Scripts/UI/UIRootGame.cs using Guid(d45b6241bfff548ebaa9304c9bd0822f) Importer(815301076,1909f56bfc062723c751e8b465ee728b)  -> (artifact id: '9e919877663655b1a4139906a7849419') in 0.159371 seconds
  Import took 0.215832 seconds .

========================================================================
Received Import Request.
  Time since last request: 1196.414875 seconds.
  path: Assets/Scripts/Controll/CONEntity.cs
  artifactKey: Guid(2f86b83701cd944c0a1d349ea845bece) Importer(815301076,1909f56bfc062723c751e8b465ee728b)
Start importing Assets/Scripts/Controll/CONEntity.cs using Guid(2f86b83701cd944c0a1d349ea845bece) Importer(815301076,1909f56bfc062723c751e8b465ee728b)  -> (artifact id: '922bf5cea4c21de8eb5f8742b7a3a94b') in 0.014320 seconds
  Import took 0.029702 seconds .

